<?xml version="1.0" encoding="UTF-8"?>
<!-- Generated by org.testng.reporters.JUnitReportReporter -->
<testsuite hostname="LAPTOP-9SLUSCSO" failures="0" tests="1" name="functionality.Login" time="26.969" errors="0" timestamp="2021-07-21T13:28:49 IST" skipped="0">
  <testcase classname="functionality.Login" name="loginTest" time="26.969"/>
  <system-out/>
</testsuite> <!-- functionality.Login -->
