<?xml version="1.0" encoding="UTF-8"?>
<!-- Generated by org.testng.reporters.JUnitReportReporter -->
<testsuite hostname="LAPTOP-9SLUSCSO" failures="0" tests="1" name="testleaf.Selectable" time="65.864" errors="0" timestamp="2021-07-28T06:45:25 IST" skipped="0">
  <testcase classname="testleaf.Selectable" name="selectableTest" time="65.864"/>
  <system-out/>
</testsuite> <!-- testleaf.Selectable -->
