<?xml version="1.0" encoding="UTF-8"?>
<!-- Generated by org.testng.reporters.JUnitReportReporter -->
<testsuite hostname="LAPTOP-9SLUSCSO" failures="0" tests="1" name="testleaf.Settingpropfile" time="18.581" errors="0" timestamp="2021-07-25T22:03:05 IST" skipped="0">
  <testcase classname="testleaf.Settingpropfile" name="upload" time="18.581"/>
  <system-out/>
</testsuite> <!-- testleaf.Settingpropfile -->
