<?xml version="1.0" encoding="UTF-8"?>
<!-- Generated by org.testng.reporters.JUnitReportReporter -->
<testsuite hostname="LAPTOP-9SLUSCSO" failures="0" tests="1" name="testleaf.Dropdown" time="9.247" errors="0" timestamp="2021-07-18T01:37:31 IST" skipped="0">
  <testcase classname="testleaf.Dropdown" name="checkboxTest" time="9.247"/>
  <system-out/>
</testsuite> <!-- testleaf.Dropdown -->
