<?xml version="1.0" encoding="UTF-8"?>
<!-- Generated by org.testng.reporters.JUnitReportReporter -->
<testsuite hostname="LAPTOP-9SLUSCSO" failures="0" tests="1" name="testleaf.Filedownload" time="20.438" errors="0" timestamp="2021-07-26T20:23:20 IST" skipped="0">
  <testcase classname="testleaf.Filedownload" name="buttonTest" time="20.438"/>
  <system-out/>
</testsuite> <!-- testleaf.Filedownload -->
