<?xml version="1.0" encoding="UTF-8"?>
<!-- Generated by org.testng.reporters.JUnitReportReporter -->
<testsuite hostname="LAPTOP-9SLUSCSO" failures="0" tests="1" name="testleaf.Button" time="13.422" errors="0" timestamp="2021-07-18T00:36:54 IST" skipped="0">
  <testcase classname="testleaf.Button" name="buttonTest" time="13.422"/>
  <system-out/>
</testsuite> <!-- testleaf.Button -->
