<?xml version="1.0" encoding="UTF-8"?>
<!-- Generated by org.testng.reporters.JUnitReportReporter -->
<testsuite hostname="LAPTOP-9SLUSCSO" failures="0" tests="1" name="testleaf.Wait_alert" time="17.953" errors="0" timestamp="2021-07-18T02:53:12 IST" skipped="0">
  <testcase classname="testleaf.Wait_alert" name="waitalertTest" time="17.953"/>
  <system-out/>
</testsuite> <!-- testleaf.Wait_alert -->
