<?xml version="1.0" encoding="UTF-8"?>
<!-- Generated by org.testng.reporters.JUnitReportReporter -->
<testsuite hostname="LAPTOP-9SLUSCSO" failures="0" tests="1" name="testleaf.Draggable" time="20.984" errors="0" timestamp="2021-07-19T11:23:39 IST" skipped="0">
  <testcase classname="testleaf.Draggable" name="draggableTest" time="20.984"/>
  <system-out/>
</testsuite> <!-- testleaf.Draggable -->
