<?xml version="1.0" encoding="UTF-8"?>
<!-- Generated by org.testng.reporters.JUnitReportReporter -->
<testsuite hostname="LAPTOP-9SLUSCSO" failures="0" tests="1" name="testleaf.Sortable" time="91.638" errors="0" timestamp="2021-07-19T21:05:23 IST" skipped="0">
  <testcase classname="testleaf.Sortable" name="sortableTest" time="91.638"/>
  <system-out/>
</testsuite> <!-- testleaf.Sortable -->
