<?xml version="1.0" encoding="UTF-8"?>
<!-- Generated by org.testng.reporters.JUnitReportReporter -->
<testsuite hostname="LAPTOP-9SLUSCSO" failures="0" tests="1" name="testleaf.Hyperlink" time="19.970" errors="0" timestamp="2021-07-18T02:18:34 IST" skipped="0">
  <testcase classname="testleaf.Hyperlink" name="hyperlinkTest" time="19.970"/>
  <system-out/>
</testsuite> <!-- testleaf.Hyperlink -->
