<?xml version="1.0" encoding="UTF-8"?>
<!-- Generated by org.testng.reporters.JUnitReportReporter -->
<testsuite hostname="LAPTOP-9SLUSCSO" failures="0" tests="1" name="testleaf.Scrollinginsidepage" time="10.045" errors="0" timestamp="2021-07-21T14:15:52 IST" skipped="0">
  <testcase classname="testleaf.Scrollinginsidepage" name="scrollinginsideTest" time="10.045"/>
  <system-out/>
</testsuite> <!-- testleaf.Scrollinginsidepage -->
