<?xml version="1.0" encoding="UTF-8"?>
<!-- Generated by org.testng.reporters.JUnitReportReporter -->
<testsuite hostname="LAPTOP-9SLUSCSO" failures="0" tests="1" name="testleaf.Contextclickfeature" time="27.124" errors="0" timestamp="2021-07-19T09:37:37 IST" skipped="0">
  <testcase classname="testleaf.Contextclickfeature" name="cclick_dclick_Test" time="27.124"/>
  <system-out/>
</testsuite> <!-- testleaf.Contextclickfeature -->
