<?xml version="1.0" encoding="UTF-8"?>
<!-- Generated by org.testng.reporters.JUnitReportReporter -->
<testsuite hostname="LAPTOP-9SLUSCSO" failures="0" tests="1" name="testleaf.Selectable" time="15.635" errors="0" timestamp="2021-07-20T20:47:44 IST" skipped="0">
  <testcase classname="testleaf.Selectable" name="selectableTest" time="15.635"/>
  <system-out/>
</testsuite> <!-- testleaf.Selectable -->
