<?xml version="1.0" encoding="UTF-8"?>
<!-- Generated by org.testng.reporters.JUnitReportReporter -->
<testsuite hostname="LAPTOP-9SLUSCSO" failures="0" tests="1" name="testleaf.Wait_to_disappear" time="16.291" errors="0" timestamp="2021-07-18T02:57:24 IST" skipped="0">
  <testcase classname="testleaf.Wait_to_disappear" name="disappearTest" time="16.291"/>
  <system-out/>
</testsuite> <!-- testleaf.Wait_to_disappear -->
