<?xml version="1.0" encoding="UTF-8"?>
<!-- Generated by org.testng.reporters.JUnitReportReporter -->
<testsuite hostname="LAPTOP-9SLUSCSO" failures="0" tests="1" name="testleaf.Unorderedlist" time="80.786" errors="0" timestamp="2021-07-20T20:19:56 IST" skipped="0">
  <testcase classname="testleaf.Unorderedlist" name="unorderedlistTest" time="80.786"/>
  <system-out/>
</testsuite> <!-- testleaf.Unorderedlist -->
