<?xml version="1.0" encoding="UTF-8"?>
<!-- Generated by org.testng.reporters.JUnitReportReporter -->
<testsuite hostname="LAPTOP-9SLUSCSO" failures="0" tests="1" name="testleaf.Edit" time="15.296" errors="0" timestamp="2021-07-18T01:49:10 IST" skipped="0">
  <testcase classname="testleaf.Edit" name="editTest" time="15.296"/>
  <system-out/>
</testsuite> <!-- testleaf.Edit -->
