<?xml version="1.0" encoding="UTF-8"?>
<!-- Generated by org.testng.reporters.JUnitReportReporter -->
<testsuite hostname="LAPTOP-9SLUSCSO" failures="0" tests="1" name="testleaf.Droppable" time="19.512" errors="0" timestamp="2021-07-19T10:26:04 IST" skipped="0">
  <testcase classname="testleaf.Droppable" name="frameTest" time="19.512"/>
  <system-out/>
</testsuite> <!-- testleaf.Droppable -->
