<?xml version="1.0" encoding="UTF-8"?>
<!-- Generated by org.testng.reporters.JUnitReportReporter -->
<testsuite hostname="LAPTOP-9SLUSCSO" failures="0" tests="1" name="testleaf.Wait_textchange" time="45.426" errors="0" timestamp="2021-07-18T02:52:37 IST" skipped="0">
  <testcase classname="testleaf.Wait_textchange" name="textchangeTest" time="45.426"/>
  <system-out/>
</testsuite> <!-- testleaf.Wait_textchange -->
