<?xml version="1.0" encoding="UTF-8"?>
<!-- Generated by org.testng.reporters.JUnitReportReporter -->
<testsuite hostname="LAPTOP-9SLUSCSO" failures="0" tests="1" name="testleaf.Tooltip" time="75.308" errors="0" timestamp="2021-07-25T19:39:43 IST" skipped="0">
  <testcase classname="testleaf.Tooltip" name="tooltipTest" time="75.308"/>
  <system-out/>
</testsuite> <!-- testleaf.Tooltip -->
