<?xml version="1.0" encoding="UTF-8"?>
<!-- Generated by org.testng.reporters.JUnitReportReporter -->
<testsuite hostname="LAPTOP-9SLUSCSO" failures="0" tests="1" name="testleaf.Radiobutton" time="15.720" errors="0" timestamp="2021-07-18T02:45:20 IST" skipped="0">
  <testcase classname="testleaf.Radiobutton" name="radioButtonTest" time="15.720"/>
  <system-out/>
</testsuite> <!-- testleaf.Radiobutton -->
