<?xml version="1.0" encoding="UTF-8"?>
<!-- Generated by org.testng.reporters.JUnitReportReporter -->
<testsuite hostname="LAPTOP-9SLUSCSO" failures="0" tests="1" name="testleaf.Autocomplete" time="26.383" errors="0" timestamp="2021-07-20T20:57:07 IST" skipped="0">
  <testcase classname="testleaf.Autocomplete" name="autocompleteTest" time="26.383"/>
  <system-out/>
</testsuite> <!-- testleaf.Autocomplete -->
