<?xml version="1.0" encoding="UTF-8"?>
<!-- Generated by org.testng.reporters.JUnitReportReporter -->
<testsuite hostname="LAPTOP-9SLUSCSO" failures="0" tests="1" name="testleaf.Ordered_list" time="90.836" errors="0" timestamp="2021-07-20T20:00:13 IST" skipped="0">
  <testcase classname="testleaf.Ordered_list" name="orderedlistTest" time="90.836"/>
  <system-out/>
</testsuite> <!-- testleaf.Ordered_list -->
