<?xml version="1.0" encoding="UTF-8"?>
<!-- Generated by org.testng.reporters.JUnitReportReporter -->
<testsuite hostname="LAPTOP-9SLUSCSO" failures="0" tests="1" name="testleaf.Additional" time="23.506" errors="0" timestamp="2021-07-17T22:56:47 IST" skipped="0">
  <testcase classname="testleaf.Additional" name="additionalTest" time="23.506"/>
  <system-out/>
</testsuite> <!-- testleaf.Additional -->
