<?xml version="1.0" encoding="UTF-8"?>
<!-- Generated by org.testng.reporters.JUnitReportReporter -->
<testsuite hostname="LAPTOP-9SLUSCSO" failures="0" tests="1" name="testleaf.AddingCookie" time="4.366" errors="0" timestamp="2021-07-26T21:26:38 IST" skipped="0">
  <testcase classname="testleaf.AddingCookie" name="adding_all_cookies" time="4.366"/>
  <system-out/>
</testsuite> <!-- testleaf.AddingCookie -->
