<?xml version="1.0" encoding="UTF-8"?>
<!-- Generated by org.testng.reporters.JUnitReportReporter -->
<testsuite hostname="LAPTOP-9SLUSCSO" failures="0" tests="1" name="testleaf.DeleteAllCookies" time="16.805" errors="0" timestamp="2021-07-26T21:20:20 IST" skipped="0">
  <testcase classname="testleaf.DeleteAllCookies" name="delete_all_cookies" time="16.805"/>
  <system-out/>
</testsuite> <!-- testleaf.DeleteAllCookies -->
