<?xml version="1.0" encoding="UTF-8"?>
<!-- Generated by org.testng.reporters.JUnitReportReporter -->
<testsuite hostname="LAPTOP-9SLUSCSO" failures="0" tests="1" name="testleaf.Window" time="20.165" errors="0" timestamp="2021-07-18T03:05:14 IST" skipped="0">
  <testcase classname="testleaf.Window" name="windowTest" time="20.165"/>
  <system-out/>
</testsuite> <!-- testleaf.Window -->
