<?xml version="1.0" encoding="UTF-8"?>
<!-- Generated by org.testng.reporters.JUnitReportReporter -->
<testsuite hostname="LAPTOP-9SLUSCSO" failures="0" tests="2" name="testleaf.Popup" time="43.568" errors="0" timestamp="2021-07-20T20:40:57 IST" skipped="0">
  <testcase classname="testleaf.Popup" name="popup_Test" time="21.539"/>
  <system-out/>
  <testcase classname="testleaf.Popup" name="popup_aut_test_in_Test" time="22.029"/>
  <system-out/>
</testsuite> <!-- testleaf.Popup -->
