<?xml version="1.0" encoding="UTF-8"?>
<!-- Generated by org.testng.reporters.JUnitReportReporter -->
<testsuite hostname="LAPTOP-9SLUSCSO" failures="0" tests="1" name="testleaf.CacheFeature" time="3.669" errors="0" timestamp="2021-07-26T21:27:19 IST" skipped="0">
  <testcase classname="testleaf.CacheFeature" name="getCacheTest" time="3.669"/>
  <system-out/>
</testsuite> <!-- testleaf.CacheFeature -->
