<?xml version="1.0" encoding="UTF-8"?>
<!-- Generated by org.testng.reporters.JUnitReportReporter -->
<testsuite hostname="LAPTOP-9SLUSCSO" failures="0" tests="1" name="testleaf.Calender" time="183.415" errors="0" timestamp="2021-07-21T14:37:50 IST" skipped="0">
  <testcase classname="testleaf.Calender" name="calenderTest" time="183.415"/>
  <system-out/>
</testsuite> <!-- testleaf.Calender -->
