<?xml version="1.0" encoding="UTF-8"?>
<!-- Generated by org.testng.reporters.JUnitReportReporter -->
<testsuite hostname="LAPTOP-9SLUSCSO" failures="0" tests="1" name="testleaf.Frames" time="10.821" errors="0" timestamp="2021-07-18T02:19:18 IST" skipped="0">
  <testcase classname="testleaf.Frames" name="frameTest" time="10.821"/>
  <system-out/>
</testsuite> <!-- testleaf.Frames -->
