<?xml version="1.0" encoding="UTF-8"?>
<!-- Generated by org.testng.reporters.JUnitReportReporter -->
<testsuite hostname="LAPTOP-9SLUSCSO" failures="0" tests="1" name="testleaf.Datadriven" time="70.038" errors="0" timestamp="2021-07-22T11:25:49 IST" skipped="0">
  <testcase classname="testleaf.Datadriven" name="dataDriverTest" time="70.038"/>
  <system-out/>
</testsuite> <!-- testleaf.Datadriven -->
