<?xml version="1.0" encoding="UTF-8"?>
<!-- Generated by org.testng.reporters.JUnitReportReporter -->
<testsuite hostname="LAPTOP-9SLUSCSO" failures="0" tests="1" name="testleaf.WriteExcel" time="0.969" errors="0" timestamp="2021-07-22T21:25:03 IST" skipped="0">
  <testcase classname="testleaf.WriteExcel" name="dataDriverTest" time="0.969"/>
  <system-out/>
</testsuite> <!-- testleaf.WriteExcel -->
