<?xml version="1.0" encoding="UTF-8"?>
<!-- Generated by org.testng.reporters.JUnitReportReporter -->
<testsuite hostname="LAPTOP-9SLUSCSO" failures="0" tests="1" name="testleaf.Checkbox" time="14.172" errors="0" timestamp="2021-07-18T01:24:56 IST" skipped="0">
  <testcase classname="testleaf.Checkbox" name="checkboxTest" time="14.172"/>
  <system-out/>
</testsuite> <!-- testleaf.Checkbox -->
