<?xml version="1.0" encoding="UTF-8"?>
<!-- Generated by org.testng.reporters.JUnitReportReporter -->
<testsuite hostname="LAPTOP-9SLUSCSO" failures="0" tests="1" name="testleaf.Scrolling" time="21.017" errors="0" timestamp="2021-07-21T14:20:08 IST" skipped="0">
  <testcase classname="testleaf.Scrolling" name="scrollingTest" time="21.017"/>
  <system-out/>
</testsuite> <!-- testleaf.Scrolling -->
